#
# There is insufficient memory for the Java Runtime Environment to continue.
# Native memory allocation (malloc) failed to allocate 1750896 bytes for Chunk::new
# Possible reasons:
#   The system is out of physical RAM or swap space
#   In 32 bit mode, the process size limit was hit
# Possible solutions:
#   Reduce memory load on the system
#   Increase physical memory or swap space
#   Check if swap backing store is full
#   Use 64 bit Java on a 64 bit OS
#   Decrease Java heap size (-Xmx/-Xms)
#   Decrease number of Java threads
#   Decrease Java thread stack sizes (-Xss)
#   Set larger code cache with -XX:ReservedCodeCacheSize=
# This output file may be truncated or incomplete.
#
#  Out of Memory Error (allocation.cpp:390), pid=9592, tid=0x0000000000003be0
#
# JRE version: Java(TM) SE Runtime Environment (8.0_191-b12) (build 1.8.0_191-b12)
# Java VM: Java HotSpot(TM) 64-Bit Server VM (25.191-b12 mixed mode windows-amd64 compressed oops)
# Failed to write core dump. Minidumps are not enabled by default on client versions of Windows
#

---------------  T H R E A D  ---------------

Current thread (0x0000000018baf000):  JavaThread "C2 CompilerThread1" daemon [_thread_in_native, id=15328, stack(0x0000000019380000,0x0000000019480000)]

Stack: [0x0000000019380000,0x0000000019480000]
[error occurred during error reporting (printing stack bounds), id 0xc0000005]

Native frames: (J=compiled Java code, j=interpreted, Vv=VM code, C=native code)


Current CompileTask:
C2:   4612 4444   !   4       com.google.inject.spi.InjectionPoint::getInjectionPoints (489 bytes)


---------------  P R O C E S S  ---------------

Java Threads: ( => current thread )
  0x0000000018c41000 JavaThread "Service Thread" daemon [_thread_blocked, id=112, stack(0x0000000019580000,0x0000000019680000)]
  0x0000000018bb1000 JavaThread "C1 CompilerThread2" daemon [_thread_blocked, id=14124, stack(0x0000000019480000,0x0000000019580000)]
=>0x0000000018baf000 JavaThread "C2 CompilerThread1" daemon [_thread_in_native, id=15328, stack(0x0000000019380000,0x0000000019480000)]
  0x0000000018bab800 JavaThread "C2 CompilerThread0" daemon [_thread_in_native, id=668, stack(0x0000000019280000,0x0000000019380000)]
  0x0000000018ba7800 JavaThread "Monitor Ctrl-Break" daemon [_thread_in_native, id=6544, stack(0x0000000019180000,0x0000000019280000)]
  0x000000001782e800 JavaThread "Attach Listener" daemon [_thread_blocked, id=18056, stack(0x0000000019080000,0x0000000019180000)]
  0x0000000018b88800 JavaThread "Signal Dispatcher" daemon [_thread_blocked, id=15260, stack(0x0000000018f80000,0x0000000019080000)]
  0x0000000002cfb800 JavaThread "Finalizer" daemon [_thread_blocked, id=19772, stack(0x0000000018a80000,0x0000000018b80000)]
  0x0000000002cf3000 JavaThread "Reference Handler" daemon [_thread_blocked, id=10232, stack(0x0000000018980000,0x0000000018a80000)]
  0x0000000002c02800 JavaThread "main" [_thread_in_native, id=9612, stack(0x0000000002940000,0x0000000002a40000)]

Other Threads:
  0x00000000177e7000 VMThread [stack: 0x0000000018880000,0x0000000018980000] [id=14936]
  0x0000000018c7e000 WatcherThread [stack: 0x0000000019680000,0x0000000019780000] [id=18324]

VM state:not at safepoint (normal execution)

VM Mutex/Monitor currently owned by a thread: None

Heap:
 PSYoungGen      total 143872K, used 112447K [0x00000000d5f80000, 0x00000000df680000, 0x0000000100000000)
  eden space 133120K, 84% used [0x00000000d5f80000,0x00000000dcd4fc08,0x00000000de180000)
  from space 10752K, 0% used [0x00000000dec00000,0x00000000dec00000,0x00000000df680000)
  to   space 10752K, 0% used [0x00000000de180000,0x00000000de180000,0x00000000dec00000)
 ParOldGen       total 71168K, used 12823K [0x0000000081e00000, 0x0000000086380000, 0x00000000d5f80000)
  object space 71168K, 18% used [0x0000000081e00000,0x0000000082a85d80,0x0000000086380000)
 Metaspace       used 29222K, capacity 29918K, committed 30080K, reserved 1075200K
  class space    used 3483K, capacity 3678K, committed 3712K, reserved 1048576K

Card table byte_map: [0x00000000120c0000,0x00000000124c0000] byte_map_base: 0x0000000011cb1000

Marking Bits: (ParMarkBitMap*) 0x000000006b613e30
 Begin Bits: [0x0000000012b70000, 0x0000000014af8000)
 End Bits:   [0x0000000014af8000, 0x0000000016a80000)

Polling page: 0x0000000000940000

CodeCache: size=245760Kb used=14548Kb max_used=14548Kb free=231211Kb
 bounds [0x0000000002d00000, 0x0000000003b40000, 0x0000000011d00000]
 total_blobs=4937 nmethods=4476 adapters=372
 compilation: enabled

Compilation events (10 events):
Event: 4.544 Thread 0x0000000018bb1000 4496       3       java.util.regex.Pattern$BnM::optimize (179 bytes)
Event: 4.545 Thread 0x0000000018bb1000 nmethod 4496 0x0000000003b30490 code [0x0000000003b306a0, 0x0000000003b312a8]
Event: 4.546 Thread 0x0000000018bb1000 4497       3       org.codehaus.plexus.interpolation.reflection.ReflectionValueExtractor$Tokenizer::getPosition (23 bytes)
Event: 4.546 Thread 0x0000000018bb1000 nmethod 4497 0x0000000003b31850 code [0x0000000003b319c0, 0x0000000003b31c70]
Event: 4.558 Thread 0x0000000018bb1000 4499       3       org.codehaus.plexus.interpolation.reflection.ReflectionValueExtractor$Tokenizer::peekChar (30 bytes)
Event: 4.558 Thread 0x0000000018bb1000 nmethod 4499 0x0000000003b32150 code [0x0000000003b322e0, 0x0000000003b327a8]
Event: 4.576 Thread 0x0000000018bab800 

Event: 4.576 Thread 0x0000000018bab800 4449  s    4       org.fusesource.jansi.AnsiPrintStream::filter (948 bytes)
Event: 4.603 Thread 0x0000000018bab800 nmethod 4449 0x0000000003b33510 code [0x0000000003b33900, 0x0000000003b35d80]
Event: 4.603 Thread 0x0000000018bab800 4445       4       com.google.inject.internal.MoreTypes::canonicalize (148 bytes)

GC Heap History (10 events):
Event: 1.230 GC heap before
{Heap before GC invocations=3 (full 0):
 PSYoungGen      total 38400K, used 38385K [0x00000000d5f80000, 0x00000000daa80000, 0x0000000100000000)
  eden space 33280K, 100% used [0x00000000d5f80000,0x00000000d8000000,0x00000000d8000000)
  from space 5120K, 99% used [0x00000000d8500000,0x00000000d89fc790,0x00000000d8a00000)
  to   space 5120K, 0% used [0x00000000d8000000,0x00000000d8000000,0x00000000d8500000)
 ParOldGen       total 87552K, used 1524K [0x0000000081e00000, 0x0000000087380000, 0x00000000d5f80000)
  object space 87552K, 1% used [0x0000000081e00000,0x0000000081f7d078,0x0000000087380000)
 Metaspace       used 15433K, capacity 15746K, committed 16128K, reserved 1062912K
  class space    used 1872K, capacity 1973K, committed 2048K, reserved 1048576K
Event: 1.235 GC heap after
Heap after GC invocations=3 (full 0):
 PSYoungGen      total 38400K, used 5112K [0x00000000d5f80000, 0x00000000daa80000, 0x0000000100000000)
  eden space 33280K, 0% used [0x00000000d5f80000,0x00000000d5f80000,0x00000000d8000000)
  from space 5120K, 99% used [0x00000000d8000000,0x00000000d84fe030,0x00000000d8500000)
  to   space 5120K, 0% used [0x00000000da580000,0x00000000da580000,0x00000000daa80000)
 ParOldGen       total 87552K, used 4137K [0x0000000081e00000, 0x0000000087380000, 0x00000000d5f80000)
  object space 87552K, 4% used [0x0000000081e00000,0x000000008220a600,0x0000000087380000)
 Metaspace       used 15433K, capacity 15746K, committed 16128K, reserved 1062912K
  class space    used 1872K, capacity 1973K, committed 2048K, reserved 1048576K
}
Event: 1.588 GC heap before
{Heap before GC invocations=4 (full 0):
 PSYoungGen      total 38400K, used 38392K [0x00000000d5f80000, 0x00000000daa80000, 0x0000000100000000)
  eden space 33280K, 100% used [0x00000000d5f80000,0x00000000d8000000,0x00000000d8000000)
  from space 5120K, 99% used [0x00000000d8000000,0x00000000d84fe030,0x00000000d8500000)
  to   space 5120K, 0% used [0x00000000da580000,0x00000000da580000,0x00000000daa80000)
 ParOldGen       total 87552K, used 4137K [0x0000000081e00000, 0x0000000087380000, 0x00000000d5f80000)
  object space 87552K, 4% used [0x0000000081e00000,0x000000008220a600,0x0000000087380000)
 Metaspace       used 16591K, capacity 16908K, committed 17280K, reserved 1064960K
  class space    used 1995K, capacity 2080K, committed 2176K, reserved 1048576K
Event: 1.601 GC heap after
Heap after GC invocations=4 (full 0):
 PSYoungGen      total 71680K, used 5112K [0x00000000d5f80000, 0x00000000daa80000, 0x0000000100000000)
  eden space 66560K, 0% used [0x00000000d5f80000,0x00000000d5f80000,0x00000000da080000)
  from space 5120K, 99% used [0x00000000da580000,0x00000000daa7e050,0x00000000daa80000)
  to   space 5120K, 0% used [0x00000000da080000,0x00000000da080000,0x00000000da580000)
 ParOldGen       total 87552K, used 7382K [0x0000000081e00000, 0x0000000087380000, 0x00000000d5f80000)
  object space 87552K, 8% used [0x0000000081e00000,0x00000000825359c8,0x0000000087380000)
 Metaspace       used 16591K, capacity 16908K, committed 17280K, reserved 1064960K
  class space    used 1995K, capacity 2080K, committed 2176K, reserved 1048576K
}
Event: 2.316 GC heap before
{Heap before GC invocations=5 (full 0):
 PSYoungGen      total 71680K, used 71672K [0x00000000d5f80000, 0x00000000daa80000, 0x0000000100000000)
  eden space 66560K, 100% used [0x00000000d5f80000,0x00000000da080000,0x00000000da080000)
  from space 5120K, 99% used [0x00000000da580000,0x00000000daa7e050,0x00000000daa80000)
  to   space 5120K, 0% used [0x00000000da080000,0x00000000da080000,0x00000000da580000)
 ParOldGen       total 87552K, used 7382K [0x0000000081e00000, 0x0000000087380000, 0x00000000d5f80000)
  object space 87552K, 8% used [0x0000000081e00000,0x00000000825359c8,0x0000000087380000)
 Metaspace       used 17987K, capacity 18520K, committed 18688K, reserved 1064960K
  class space    used 2083K, capacity 2203K, committed 2304K, reserved 1048576K
Event: 2.334 GC heap after
Heap after GC invocations=5 (full 0):
 PSYoungGen      total 71680K, used 5112K [0x00000000d5f80000, 0x00000000df680000, 0x0000000100000000)
  eden space 66560K, 0% used [0x00000000d5f80000,0x00000000d5f80000,0x00000000da080000)
  from space 5120K, 99% used [0x00000000da080000,0x00000000da57e010,0x00000000da580000)
  to   space 10752K, 0% used [0x00000000dec00000,0x00000000dec00000,0x00000000df680000)
 ParOldGen       total 87552K, used 11654K [0x0000000081e00000, 0x0000000087380000, 0x00000000d5f80000)
  object space 87552K, 13% used [0x0000000081e00000,0x0000000082961a40,0x0000000087380000)
 Metaspace       used 17987K, capacity 18520K, committed 18688K, reserved 1064960K
  class space    used 2083K, capacity 2203K, committed 2304K, reserved 1048576K
}
Event: 2.804 GC heap before
{Heap before GC invocations=6 (full 0):
 PSYoungGen      total 71680K, used 49119K [0x00000000d5f80000, 0x00000000df680000, 0x0000000100000000)
  eden space 66560K, 66% used [0x00000000d5f80000,0x00000000d8a79f90,0x00000000da080000)
  from space 5120K, 99% used [0x00000000da080000,0x00000000da57e010,0x00000000da580000)
  to   space 10752K, 0% used [0x00000000dec00000,0x00000000dec00000,0x00000000df680000)
 ParOldGen       total 87552K, used 11654K [0x0000000081e00000, 0x0000000087380000, 0x00000000d5f80000)
  object space 87552K, 13% used [0x0000000081e00000,0x0000000082961a40,0x0000000087380000)
 Metaspace       used 20699K, capacity 21230K, committed 21248K, reserved 1069056K
  class space    used 2411K, capacity 2550K, committed 2560K, reserved 1048576K
Event: 2.813 GC heap after
Heap after GC invocations=6 (full 0):
 PSYoungGen      total 143872K, used 8302K [0x00000000d5f80000, 0x00000000df680000, 0x0000000100000000)
  eden space 133120K, 0% used [0x00000000d5f80000,0x00000000d5f80000,0x00000000de180000)
  from space 10752K, 77% used [0x00000000dec00000,0x00000000df41bb00,0x00000000df680000)
  to   space 10752K, 0% used [0x00000000de180000,0x00000000de180000,0x00000000dec00000)
 ParOldGen       total 87552K, used 11654K [0x0000000081e00000, 0x0000000087380000, 0x00000000d5f80000)
  object space 87552K, 13% used [0x0000000081e00000,0x0000000082961a40,0x0000000087380000)
 Metaspace       used 20699K, capacity 21230K, committed 21248K, reserved 1069056K
  class space    used 2411K, capacity 2550K, committed 2560K, reserved 1048576K
}
Event: 2.813 GC heap before
{Heap before GC invocations=7 (full 1):
 PSYoungGen      total 143872K, used 8302K [0x00000000d5f80000, 0x00000000df680000, 0x0000000100000000)
  eden space 133120K, 0% used [0x00000000d5f80000,0x00000000d5f80000,0x00000000de180000)
  from space 10752K, 77% used [0x00000000dec00000,0x00000000df41bb00,0x00000000df680000)
  to   space 10752K, 0% used [0x00000000de180000,0x00000000de180000,0x00000000dec00000)
 ParOldGen       total 87552K, used 11654K [0x0000000081e00000, 0x0000000087380000, 0x00000000d5f80000)
  object space 87552K, 13% used [0x0000000081e00000,0x0000000082961a40,0x0000000087380000)
 Metaspace       used 20699K, capacity 21230K, committed 21248K, reserved 1069056K
  class space    used 2411K, capacity 2550K, committed 2560K, reserved 1048576K
Event: 2.891 GC heap after
Heap after GC invocations=7 (full 1):
 PSYoungGen      total 143872K, used 0K [0x00000000d5f80000, 0x00000000df680000, 0x0000000100000000)
  eden space 133120K, 0% used [0x00000000d5f80000,0x00000000d5f80000,0x00000000de180000)
  from space 10752K, 0% used [0x00000000dec00000,0x00000000dec00000,0x00000000df680000)
  to   space 10752K, 0% used [0x00000000de180000,0x00000000de180000,0x00000000dec00000)
 ParOldGen       total 71168K, used 12823K [0x0000000081e00000, 0x0000000086380000, 0x00000000d5f80000)
  object space 71168K, 18% used [0x0000000081e00000,0x0000000082a85d80,0x0000000086380000)
 Metaspace       used 20699K, capacity 21230K, committed 21248K, reserved 1069056K
  class space    used 2411K, capacity 2550K, committed 2560K, reserved 1048576K
}

Deoptimization events (10 events):
Event: 3.441 Thread 0x0000000002c02800 Uncommon trap: reason=unstable_if action=reinterpret pc=0x0000000002f25f10 method=sun.misc.URLClassPath$JarLoader.getResource(Ljava/lang/String;Z)Lsun/misc/Resource; @ 62
Event: 3.809 Thread 0x0000000002c02800 Uncommon trap: reason=unstable_if action=reinterpret pc=0x000000000352bc4c method=org.codehaus.plexus.util.xml.pull.MXParser.nextImpl()I @ 280
Event: 3.928 Thread 0x0000000002c02800 Uncommon trap: reason=speculate_class_check action=maybe_recompile pc=0x000000000357ed2c method=java.nio.charset.CharsetDecoder.reset()Ljava/nio/charset/CharsetDecoder; @ 1
Event: 3.954 Thread 0x0000000002c02800 Uncommon trap: reason=speculate_class_check action=maybe_recompile pc=0x000000000357ed2c method=java.nio.charset.CharsetDecoder.reset()Ljava/nio/charset/CharsetDecoder; @ 1
Event: 3.965 Thread 0x0000000002c02800 Uncommon trap: reason=speculate_class_check action=maybe_recompile pc=0x000000000357ed2c method=java.nio.charset.CharsetDecoder.reset()Ljava/nio/charset/CharsetDecoder; @ 1
Event: 3.967 Thread 0x0000000002c02800 Uncommon trap: reason=speculate_class_check action=maybe_recompile pc=0x000000000357ed2c method=java.nio.charset.CharsetDecoder.reset()Ljava/nio/charset/CharsetDecoder; @ 1
Event: 3.967 Thread 0x0000000002c02800 Uncommon trap: reason=unstable_if action=reinterpret pc=0x00000000030b8894 method=java.lang.String.regionMatches(ZILjava/lang/String;II)Z @ 25
Event: 4.213 Thread 0x0000000002c02800 Uncommon trap: reason=unstable_if action=reinterpret pc=0x00000000030a725c method=java.util.HashMap.hash(Ljava/lang/Object;)I @ 1
Event: 4.222 Thread 0x0000000002c02800 Uncommon trap: reason=unstable_if action=reinterpret pc=0x00000000030a82bc method=java.lang.CharacterDataLatin1.isWhitespace(I)Z @ 14
Event: 4.282 Thread 0x0000000002c02800 Uncommon trap: reason=unstable_if action=reinterpret pc=0x000000000396113c method=java.util.Properties$LineReader.readLine()I @ 323

Classes redefined (0 events):
No events

Internal exceptions (10 events):
Event: 2.615 Thread 0x0000000002c02800 Exception <a 'java/lang/NoSuchMethodError': org.apache.maven.execution.MavenExecutionRequest.getFailureBehavior()Ljava/lang/String;> (0x00000000d7c98728) thrown at [C:\re\workspace\8-2-build-windows-amd64-cygwin\jdk8u191\11896\hotspot\src\share\vm\interpr
Event: 2.726 Thread 0x0000000002c02800 Exception <a 'java/lang/NoSuchMethodError': org.apache.maven.execution.MavenExecutionRequest.getFailureBehavior()Ljava/lang/String;> (0x00000000d8522528) thrown at [C:\re\workspace\8-2-build-windows-amd64-cygwin\jdk8u191\11896\hotspot\src\share\vm\interpr
Event: 2.777 Thread 0x0000000002c02800 Exception <a 'java/lang/ClassNotFoundException': com/sun/tools/javac/api/JavacTool> (0x00000000d8833f38) thrown at [C:\re\workspace\8-2-build-windows-amd64-cygwin\jdk8u191\11896\hotspot\src\share\vm\classfile\systemDictionary.cpp, line 210]
Event: 3.524 Thread 0x0000000002c02800 Exception <a 'java/io/FileNotFoundException'> (0x00000000d72c33f8) thrown at [C:\re\workspace\8-2-build-windows-amd64-cygwin\jdk8u191\11896\hotspot\src\share\vm\prims\jni.cpp, line 709]
Event: 3.526 Thread 0x0000000002c02800 Exception <a 'java/io/FileNotFoundException'> (0x00000000d72f8aa8) thrown at [C:\re\workspace\8-2-build-windows-amd64-cygwin\jdk8u191\11896\hotspot\src\share\vm\prims\jni.cpp, line 709]
Event: 3.727 Thread 0x0000000002c02800 Exception <a 'java/lang/NoSuchMethodError': org.apache.maven.execution.MavenExecutionRequest.getFailureBehavior()Ljava/lang/String;> (0x00000000d82c3bd0) thrown at [C:\re\workspace\8-2-build-windows-amd64-cygwin\jdk8u191\11896\hotspot\src\share\vm\interpr
Event: 3.889 Thread 0x0000000002c02800 Exception <a 'java/lang/NoSuchMethodError': org.apache.maven.execution.MavenExecutionRequest.getFailureBehavior()Ljava/lang/String;> (0x00000000da5d3c68) thrown at [C:\re\workspace\8-2-build-windows-amd64-cygwin\jdk8u191\11896\hotspot\src\share\vm\interpr
Event: 4.213 Thread 0x0000000002c02800 Implicit null exception at 0x00000000030a6ddb to 0x00000000030a7241
Event: 4.255 Thread 0x0000000002c02800 Exception <a 'java/lang/NoSuchFieldError': method resolution failed> (0x00000000dc58cbd8) thrown at [C:\re\workspace\8-2-build-windows-amd64-cygwin\jdk8u191\11896\hotspot\src\share\vm\prims\methodHandles.cpp, line 1167]
Event: 4.256 Thread 0x0000000002c02800 Exception <a 'java/lang/NoSuchFieldError': method resolution failed> (0x00000000dc59af08) thrown at [C:\re\workspace\8-2-build-windows-amd64-cygwin\jdk8u191\11896\hotspot\src\share\vm\prims\methodHandles.cpp, line 1167]

Events (10 events):
Event: 4.533 loading class org/codehaus/plexus/interpolation/reflection/MethodMap
Event: 4.533 loading class org/codehaus/plexus/interpolation/reflection/MethodMap done
Event: 4.534 loading class org/codehaus/plexus/interpolation/util/StringUtils
Event: 4.534 loading class org/codehaus/plexus/interpolation/util/StringUtils done
Event: 4.534 loading class org/codehaus/plexus/interpolation/util/StringUtils
Event: 4.534 loading class org/codehaus/plexus/interpolation/util/StringUtils done
Event: 4.545 loading class org/apache/maven/plugins/war/util/WarUtils
Event: 4.545 loading class org/apache/maven/plugins/war/util/WarUtils done
Event: 4.546 loading class org/apache/maven/plugins/war/util/WarUtils
Event: 4.546 loading class org/apache/maven/plugins/war/util/WarUtils done


Dynamic libraries:
0x00007ff66be80000 - 0x00007ff66beb7000 	C:\Program Files\Java\jdk1.8.0_191\bin\java.exe
0x00007ffc048d0000 - 0x00007ffc04abd000 	C:\WINDOWS\SYSTEM32\ntdll.dll
0x00007ffc02220000 - 0x00007ffc022d3000 	C:\WINDOWS\System32\KERNEL32.DLL
0x00007ffc00dd0000 - 0x00007ffc01063000 	C:\WINDOWS\System32\KERNELBASE.dll
0x00007ffc042d0000 - 0x00007ffc04373000 	C:\WINDOWS\System32\ADVAPI32.dll
0x00007ffc01e30000 - 0x00007ffc01ece000 	C:\WINDOWS\System32\msvcrt.dll
0x00007ffc01bb0000 - 0x00007ffc01c4e000 	C:\WINDOWS\System32\sechost.dll
0x00007ffc01ee0000 - 0x00007ffc02002000 	C:\WINDOWS\System32\RPCRT4.dll
0x00007ffc02010000 - 0x00007ffc021a7000 	C:\WINDOWS\System32\USER32.dll
0x00007ffc01070000 - 0x00007ffc01090000 	C:\WINDOWS\System32\win32u.dll
0x00007ffc04130000 - 0x00007ffc04159000 	C:\WINDOWS\System32\GDI32.dll
0x00007ffc00a50000 - 0x00007ffc00bea000 	C:\WINDOWS\System32\gdi32full.dll
0x00007ffc01090000 - 0x00007ffc01130000 	C:\WINDOWS\System32\msvcp_win.dll
0x00007ffc01930000 - 0x00007ffc01a2a000 	C:\WINDOWS\System32\ucrtbase.dll
0x00007ffbea670000 - 0x00007ffbea8e9000 	C:\WINDOWS\WinSxS\amd64_microsoft.windows.common-controls_6595b64144ccf1df_6.0.17763.348_none_05b73c0a071d7a57\COMCTL32.dll
0x00007ffc04390000 - 0x00007ffc046bd000 	C:\WINDOWS\System32\combase.dll
0x00007ffc01160000 - 0x00007ffc011de000 	C:\WINDOWS\System32\bcryptPrimitives.dll
0x00007ffc01c50000 - 0x00007ffc01c7e000 	C:\WINDOWS\System32\IMM32.DLL
0x000000006b6a0000 - 0x000000006b772000 	C:\Program Files\Java\jdk1.8.0_191\jre\bin\msvcr100.dll
0x000000006adf0000 - 0x000000006b694000 	C:\Program Files\Java\jdk1.8.0_191\jre\bin\server\jvm.dll
0x00007ffc04380000 - 0x00007ffc04388000 	C:\WINDOWS\System32\PSAPI.DLL
0x00007ffbfd330000 - 0x00007ffbfd354000 	C:\WINDOWS\SYSTEM32\WINMM.dll
0x00007ffbffe90000 - 0x00007ffbffe9a000 	C:\WINDOWS\SYSTEM32\VERSION.dll
0x00007ffc000a0000 - 0x00007ffc000a9000 	C:\WINDOWS\SYSTEM32\WSOCK32.dll
0x00007ffc021b0000 - 0x00007ffc0221d000 	C:\WINDOWS\System32\WS2_32.dll
0x00007ffbfd300000 - 0x00007ffbfd32d000 	C:\WINDOWS\SYSTEM32\winmmbase.dll
0x00007ffc00a00000 - 0x00007ffc00a4a000 	C:\WINDOWS\System32\cfgmgr32.dll
0x000000006ade0000 - 0x000000006adef000 	C:\Program Files\Java\jdk1.8.0_191\jre\bin\verify.dll
0x000000006adb0000 - 0x000000006add9000 	C:\Program Files\Java\jdk1.8.0_191\jre\bin\java.dll
0x000000006ad80000 - 0x000000006ada3000 	C:\Program Files\Java\jdk1.8.0_191\jre\bin\instrument.dll
0x000000006ad60000 - 0x000000006ad76000 	C:\Program Files\Java\jdk1.8.0_191\jre\bin\zip.dll
0x00007ffc023e0000 - 0x00007ffc038d0000 	C:\WINDOWS\System32\SHELL32.dll
0x00007ffc01b00000 - 0x00007ffc01ba8000 	C:\WINDOWS\System32\shcore.dll
0x00007ffc011e0000 - 0x00007ffc0192a000 	C:\WINDOWS\System32\windows.storage.dll
0x00007ffc00910000 - 0x00007ffc00934000 	C:\WINDOWS\System32\profapi.dll
0x00007ffc00940000 - 0x00007ffc0099d000 	C:\WINDOWS\System32\powrprof.dll
0x00007ffc040d0000 - 0x00007ffc04122000 	C:\WINDOWS\System32\shlwapi.dll
0x00007ffc008f0000 - 0x00007ffc00901000 	C:\WINDOWS\System32\kernel.appcore.dll
0x00007ffc01ae0000 - 0x00007ffc01af7000 	C:\WINDOWS\System32\cryptsp.dll
0x00007ffbfc1d0000 - 0x00007ffbfc1ea000 	D:\IntelliJ IDEA 2018.3.2\bin\breakgen64.dll
0x000000006ad40000 - 0x000000006ad5a000 	C:\Program Files\Java\jdk1.8.0_191\jre\bin\net.dll
0x00007ffbffc30000 - 0x00007ffbffc97000 	C:\WINDOWS\system32\mswsock.dll
0x00007ffbff800000 - 0x00007ffbff833000 	C:\WINDOWS\system32\rsaenh.dll
0x00007ffc01130000 - 0x00007ffc01156000 	C:\WINDOWS\System32\bcrypt.dll
0x00007ffc007d0000 - 0x00007ffc007f8000 	C:\WINDOWS\SYSTEM32\USERENV.dll
0x00007ffbffe00000 - 0x00007ffbffe0c000 	C:\WINDOWS\SYSTEM32\CRYPTBASE.dll
0x00007ffbff9a0000 - 0x00007ffbff9dd000 	C:\WINDOWS\SYSTEM32\IPHLPAPI.DLL
0x00007ffc01ed0000 - 0x00007ffc01ed8000 	C:\WINDOWS\System32\NSI.dll
0x00007ffbf76f0000 - 0x00007ffbf7706000 	C:\WINDOWS\SYSTEM32\dhcpcsvc6.DLL
0x00007ffbf76d0000 - 0x00007ffbf76ec000 	C:\WINDOWS\SYSTEM32\dhcpcsvc.DLL
0x00007ffbff9e0000 - 0x00007ffbffaa6000 	C:\WINDOWS\SYSTEM32\DNSAPI.dll
0x000000006ad20000 - 0x000000006ad31000 	C:\Program Files\Java\jdk1.8.0_191\jre\bin\nio.dll
0x00007ffbf6f30000 - 0x00007ffbf6f3a000 	C:\Users\Administrator\AppData\Local\Temp\jansi-1.17.1-6962242923401487507.dll
0x00007ffbf5d20000 - 0x00007ffbf5d2a000 	C:\Users\Administrator\AppData\Local\Temp\jansi-1.17.1-4023510684316935786.dll
0x000000006ad10000 - 0x000000006ad1d000 	C:\Program Files\Java\jdk1.8.0_191\jre\bin\management.dll
0x00007ffbedf50000 - 0x00007ffbedf66000 	C:\WINDOWS\system32\napinsp.dll
0x00007ffbedf30000 - 0x00007ffbedf4a000 	C:\WINDOWS\system32\pnrpnsp.dll
0x00007ffbedf20000 - 0x00007ffbedf2e000 	C:\WINDOWS\System32\winrnr.dll
0x00007ffbfce00000 - 0x00007ffbfce1b000 	C:\WINDOWS\system32\NLAapi.dll
0x00007ffbedf00000 - 0x00007ffbedf15000 	C:\WINDOWS\system32\wshbth.dll
0x00007ffbf6290000 - 0x00007ffbf629a000 	C:\Windows\System32\rasadhlp.dll
0x00007ffbf6dc0000 - 0x00007ffbf6e39000 	C:\WINDOWS\System32\fwpuclnt.dll
0x00007ffc00530000 - 0x00007ffc00561000 	C:\WINDOWS\SYSTEM32\ntmarta.dll

VM Arguments:
jvm_args: -Dmaven.multiModuleProjectDirectory=H:\IdeaWorkspace\zshop\zshop_parent -Dmaven.home=G:\apache-maven-3.6.0 -Dclassworlds.conf=G:\apache-maven-3.6.0\bin\m2.conf -javaagent:D:\IntelliJ IDEA 2018.3.2\lib\idea_rt.jar=52254:D:\IntelliJ IDEA 2018.3.2\bin -Dfile.encoding=UTF-8 
java_command: org.codehaus.classworlds.Launcher -Didea.version=2018.3.2 -s G:\apache-maven-3.6.0\conf\settings.xml -Dmaven.repo.local=G:\apache-maven-3.6.0\MavenRepository install
java_class_path (initial): G:\apache-maven-3.6.0\boot\plexus-classworlds-2.5.2.jar;D:\IntelliJ IDEA 2018.3.2\lib\idea_rt.jar
Launcher Type: SUN_STANDARD

Environment Variables:
JAVA_HOME=C:\Program Files\Java\jdk1.7.0_80
CLASSPATH=.;C:\Program Files\Java\jdk1.7.0_80lib;C:\Program Files\Java\jdk1.7.0_80lib\tools.jar;
PATH=C:\Program Files (x86)\Common Files\Oracle\Java\javapath;C:\WINDOWS\system32;C:\WINDOWS;C:\WINDOWS\System32\Wbem;C:\WINDOWS\System32\WindowsPowerShell\v1.0\;C:\Program Files\Java\jdk1.7.0_80\bin;C:\Program Files\Java\jdk1.7.0_80\jre\bin;C:\MySQL\MySQL Server 5.5\bin;C:\WINDOWS\System32\OpenSSH\;G:\apache-maven-3.6.0\bin\;C:\Program Files\Git\cmd;C:\Program Files\dotnet\;C:\Program Files\Microsoft SQL Server\130\Tools\Binn\;C:\Users\Administrator\AppData\Local\Programs\Python\Python36-32\Scripts\;C:\Users\Administrator\AppData\Local\Programs\Python\Python36-32\;C:\Users\Administrator\AppData\Local\Microsoft\WindowsApps;;C:\Users\Administrator\AppData\Local\Programs\Microsoft VS Code\bin;C:\vscode\Microsoft VS Code Insiders\bin
USERNAME=Administrator
OS=Windows_NT
PROCESSOR_IDENTIFIER=Intel64 Family 6 Model 158 Stepping 9, GenuineIntel



---------------  S Y S T E M  ---------------

OS: Windows 10.0 , 64 bit Build 17763 (10.0.17763.292)

CPU:total 4 (initial active 4) (4 cores per cpu, 1 threads per core) family 6 model 158 stepping 9, cmov, cx8, fxsr, mmx, sse, sse2, sse3, ssse3, sse4.1, sse4.2, popcnt, avx, avx2, aes, clmul, erms, rtm, 3dnowpref, lzcnt, tsc, tscinvbit, bmi1, bmi2, adx

Memory: 4k page, physical 8264920k(1914232k free), swap 33430744k(4676k free)

vm_info: Java HotSpot(TM) 64-Bit Server VM (25.191-b12) for windows-amd64 JRE (1.8.0_191-b12), built on Oct  6 2018 09:29:03 by "java_re" with MS VC++ 10.0 (VS2010)

time: Tue May 07 19:40:29 2019
elapsed time: 4 seconds (0d 0h 0m 4s)

