#
# There is insufficient memory for the Java Runtime Environment to continue.
# Native memory allocation (malloc) failed to allocate 351136 bytes for Chunk::new
# Possible reasons:
#   The system is out of physical RAM or swap space
#   In 32 bit mode, the process size limit was hit
# Possible solutions:
#   Reduce memory load on the system
#   Increase physical memory or swap space
#   Check if swap backing store is full
#   Use 64 bit Java on a 64 bit OS
#   Decrease Java heap size (-Xmx/-Xms)
#   Decrease number of Java threads
#   Decrease Java thread stack sizes (-Xss)
#   Set larger code cache with -XX:ReservedCodeCacheSize=
# This output file may be truncated or incomplete.
#
#  Out of Memory Error (allocation.cpp:390), pid=17740, tid=0x0000000000004864
#
# JRE version: Java(TM) SE Runtime Environment (8.0_191-b12) (build 1.8.0_191-b12)
# Java VM: Java HotSpot(TM) 64-Bit Server VM (25.191-b12 mixed mode windows-amd64 compressed oops)
# Failed to write core dump. Minidumps are not enabled by default on client versions of Windows
#

---------------  T H R E A D  ---------------

Current thread (0x00000000191cf800):  JavaThread "C2 CompilerThread1" daemon [_thread_in_native, id=18532, stack(0x00000000199a0000,0x0000000019aa0000)]

Stack: [0x00000000199a0000,0x0000000019aa0000]
[error occurred during error reporting (printing stack bounds), id 0xc0000005]

Native frames: (J=compiled Java code, j=interpreted, Vv=VM code, C=native code)


Current CompileTask:
C2:   4030 4274       4       org.apache.tomcat.util.bcel.classfile.Attribute::readAttribute (527 bytes)


---------------  P R O C E S S  ---------------

Java Threads: ( => current thread )
  0x000000001cb1d800 JavaThread "localhost-startStop-1" daemon [_thread_in_native, id=18976, stack(0x000000001f340000,0x000000001f440000)]
  0x000000001c677000 JavaThread "Tomcat-startStop-1" daemon [_thread_blocked, id=8204, stack(0x000000001f240000,0x000000001f340000)]
  0x0000000019256800 JavaThread "Service Thread" daemon [_thread_blocked, id=20104, stack(0x0000000019ba0000,0x0000000019ca0000)]
  0x00000000191d0800 JavaThread "C1 CompilerThread2" daemon [_thread_blocked, id=14832, stack(0x0000000019aa0000,0x0000000019ba0000)]
=>0x00000000191cf800 JavaThread "C2 CompilerThread1" daemon [_thread_in_native, id=18532, stack(0x00000000199a0000,0x0000000019aa0000)]
  0x00000000191cc800 JavaThread "C2 CompilerThread0" daemon [_thread_blocked, id=17792, stack(0x00000000198a0000,0x00000000199a0000)]
  0x00000000191c0800 JavaThread "Monitor Ctrl-Break" daemon [_thread_in_native, id=11460, stack(0x00000000197a0000,0x00000000198a0000)]
  0x0000000017ddf800 JavaThread "Attach Listener" daemon [_thread_blocked, id=12164, stack(0x00000000196a0000,0x00000000197a0000)]
  0x00000000191a8800 JavaThread "Signal Dispatcher" daemon [_thread_blocked, id=7532, stack(0x00000000195a0000,0x00000000196a0000)]
  0x00000000032ad000 JavaThread "Finalizer" daemon [_thread_blocked, id=16208, stack(0x0000000019040000,0x0000000019140000)]
  0x00000000032a4000 JavaThread "Reference Handler" daemon [_thread_blocked, id=19820, stack(0x0000000018f40000,0x0000000019040000)]
  0x00000000031b2800 JavaThread "main" [_thread_blocked, id=16972, stack(0x0000000002f60000,0x0000000003060000)]

Other Threads:
  0x0000000017d98000 VMThread [stack: 0x0000000018e40000,0x0000000018f40000] [id=16412]
  0x00000000192a8800 WatcherThread [stack: 0x0000000019ca0000,0x0000000019da0000] [id=9536]

VM state:not at safepoint (normal execution)

VM Mutex/Monitor currently owned by a thread: None

Heap:
 PSYoungGen      total 60416K, used 17251K [0x00000000d5f80000, 0x00000000de280000, 0x0000000100000000)
  eden space 55296K, 21% used [0x00000000d5f80000,0x00000000d6b60cb0,0x00000000d9580000)
  from space 5120K, 99% used [0x00000000da580000,0x00000000daa78010,0x00000000daa80000)
  to   space 16384K, 0% used [0x00000000d9580000,0x00000000d9580000,0x00000000da580000)
 ParOldGen       total 74240K, used 34437K [0x0000000081e00000, 0x0000000086680000, 0x00000000d5f80000)
  object space 74240K, 46% used [0x0000000081e00000,0x0000000083fa1670,0x0000000086680000)
 Metaspace       used 24518K, capacity 25082K, committed 25392K, reserved 1071104K
  class space    used 2834K, capacity 3010K, committed 3120K, reserved 1048576K

Card table byte_map: [0x0000000012670000,0x0000000012a70000] byte_map_base: 0x0000000012261000

Marking Bits: (ParMarkBitMap*) 0x000000006b613e30
 Begin Bits: [0x0000000013120000, 0x00000000150a8000)
 End Bits:   [0x00000000150a8000, 0x0000000017030000)

Polling page: 0x00000000013a0000

CodeCache: size=245760Kb used=15142Kb max_used=15172Kb free=230617Kb
 bounds [0x00000000032b0000, 0x00000000041a0000, 0x00000000122b0000]
 total_blobs=4666 nmethods=4253 adapters=325
 compilation: enabled

Compilation events (10 events):
Event: 3.992 Thread 0x00000000191cc800 nmethod 4273 0x0000000004152950 code [0x0000000004152aa0, 0x0000000004152b78]
Event: 3.994 Thread 0x00000000191cf800 4274       4       org.apache.tomcat.util.bcel.classfile.Attribute::readAttribute (527 bytes)
Event: 3.996 Thread 0x00000000191cc800 4275       4       org.apache.tomcat.util.bcel.classfile.Constant::readConstant (241 bytes)
Event: 4.003 Thread 0x00000000191cc800 nmethod 4275 0x0000000004176750 code [0x0000000004176b00, 0x00000000041778d0]
Event: 4.003 Thread 0x00000000191cc800 4276       4       java.util.HashSet::iterator (13 bytes)
Event: 4.008 Thread 0x00000000191cc800 nmethod 4276 0x0000000004170690 code [0x0000000004170820, 0x0000000004170d98]
Event: 4.012 Thread 0x00000000191d0800 4277       3       java.io.BufferedInputStream::fill (233 bytes)
Event: 4.013 Thread 0x00000000191d0800 nmethod 4277 0x0000000004173a90 code [0x0000000004173d00, 0x0000000004174bf8]
Event: 4.027 Thread 0x00000000191cc800 4278       4       java.util.zip.ZipEntry::<init> (146 bytes)
Event: 4.027 Thread 0x00000000191cc800 nmethod 4278 0x0000000003432690 code [0x00000000034327c0, 0x00000000034328d8]

GC Heap History (10 events):
Event: 2.327 GC heap before
{Heap before GC invocations=5 (full 0):
 PSYoungGen      total 71680K, used 71672K [0x00000000d5f80000, 0x00000000daa80000, 0x0000000100000000)
  eden space 66560K, 100% used [0x00000000d5f80000,0x00000000da080000,0x00000000da080000)
  from space 5120K, 99% used [0x00000000da580000,0x00000000daa7e050,0x00000000daa80000)
  to   space 5120K, 0% used [0x00000000da080000,0x00000000da080000,0x00000000da580000)
 ParOldGen       total 87552K, used 7877K [0x0000000081e00000, 0x0000000087380000, 0x00000000d5f80000)
  object space 87552K, 8% used [0x0000000081e00000,0x00000000825b1580,0x0000000087380000)
 Metaspace       used 17530K, capacity 17978K, committed 18176K, reserved 1064960K
  class space    used 2057K, capacity 2193K, committed 2304K, reserved 1048576K
Event: 2.339 GC heap after
Heap after GC invocations=5 (full 0):
 PSYoungGen      total 71680K, used 5112K [0x00000000d5f80000, 0x00000000daa80000, 0x0000000100000000)
  eden space 66560K, 0% used [0x00000000d5f80000,0x00000000d5f80000,0x00000000da080000)
  from space 5120K, 99% used [0x00000000da080000,0x00000000da57e010,0x00000000da580000)
  to   space 5120K, 0% used [0x00000000da580000,0x00000000da580000,0x00000000daa80000)
 ParOldGen       total 87552K, used 12335K [0x0000000081e00000, 0x0000000087380000, 0x00000000d5f80000)
  object space 87552K, 14% used [0x0000000081e00000,0x0000000082a0bd78,0x0000000087380000)
 Metaspace       used 17530K, capacity 17978K, committed 18176K, reserved 1064960K
  class space    used 2057K, capacity 2193K, committed 2304K, reserved 1048576K
}
Event: 2.911 GC heap before
{Heap before GC invocations=6 (full 0):
 PSYoungGen      total 71680K, used 71537K [0x00000000d5f80000, 0x00000000daa80000, 0x0000000100000000)
  eden space 66560K, 99% used [0x00000000d5f80000,0x00000000da05e470,0x00000000da080000)
  from space 5120K, 99% used [0x00000000da080000,0x00000000da57e010,0x00000000da580000)
  to   space 5120K, 0% used [0x00000000da580000,0x00000000da580000,0x00000000daa80000)
 ParOldGen       total 87552K, used 12335K [0x0000000081e00000, 0x0000000087380000, 0x00000000d5f80000)
  object space 87552K, 14% used [0x0000000081e00000,0x0000000082a0bd78,0x0000000087380000)
 Metaspace       used 20709K, capacity 21206K, committed 21296K, reserved 1069056K
  class space    used 2405K, capacity 2571K, committed 2608K, reserved 1048576K
Event: 2.919 GC heap after
Heap after GC invocations=6 (full 0):
 PSYoungGen      total 71680K, used 5096K [0x00000000d5f80000, 0x00000000daa80000, 0x0000000100000000)
  eden space 66560K, 0% used [0x00000000d5f80000,0x00000000d5f80000,0x00000000da080000)
  from space 5120K, 99% used [0x00000000da580000,0x00000000daa7a020,0x00000000daa80000)
  to   space 5120K, 0% used [0x00000000da080000,0x00000000da080000,0x00000000da580000)
 ParOldGen       total 87552K, used 18027K [0x0000000081e00000, 0x0000000087380000, 0x00000000d5f80000)
  object space 87552K, 20% used [0x0000000081e00000,0x0000000082f9ad18,0x0000000087380000)
 Metaspace       used 20709K, capacity 21206K, committed 21296K, reserved 1069056K
  class space    used 2405K, capacity 2571K, committed 2608K, reserved 1048576K
}
Event: 2.919 GC heap before
{Heap before GC invocations=7 (full 1):
 PSYoungGen      total 71680K, used 5096K [0x00000000d5f80000, 0x00000000daa80000, 0x0000000100000000)
  eden space 66560K, 0% used [0x00000000d5f80000,0x00000000d5f80000,0x00000000da080000)
  from space 5120K, 99% used [0x00000000da580000,0x00000000daa7a020,0x00000000daa80000)
  to   space 5120K, 0% used [0x00000000da080000,0x00000000da080000,0x00000000da580000)
 ParOldGen       total 87552K, used 18027K [0x0000000081e00000, 0x0000000087380000, 0x00000000d5f80000)
  object space 87552K, 20% used [0x0000000081e00000,0x0000000082f9ad18,0x0000000087380000)
 Metaspace       used 20709K, capacity 21206K, committed 21296K, reserved 1069056K
  class space    used 2405K, capacity 2571K, committed 2608K, reserved 1048576K
Event: 2.972 GC heap after
Heap after GC invocations=7 (full 1):
 PSYoungGen      total 71680K, used 0K [0x00000000d5f80000, 0x00000000daa80000, 0x0000000100000000)
  eden space 66560K, 0% used [0x00000000d5f80000,0x00000000d5f80000,0x00000000da080000)
  from space 5120K, 0% used [0x00000000da580000,0x00000000da580000,0x00000000daa80000)
  to   space 5120K, 0% used [0x00000000da080000,0x00000000da080000,0x00000000da580000)
 ParOldGen       total 74240K, used 16905K [0x0000000081e00000, 0x0000000086680000, 0x00000000d5f80000)
  object space 74240K, 22% used [0x0000000081e00000,0x0000000082e82588,0x0000000086680000)
 Metaspace       used 20709K, capacity 21206K, committed 21296K, reserved 1069056K
  class space    used 2405K, capacity 2571K, committed 2608K, reserved 1048576K
}
Event: 3.590 GC heap before
{Heap before GC invocations=8 (full 1):
 PSYoungGen      total 71680K, used 66560K [0x00000000d5f80000, 0x00000000daa80000, 0x0000000100000000)
  eden space 66560K, 100% used [0x00000000d5f80000,0x00000000da080000,0x00000000da080000)
  from space 5120K, 0% used [0x00000000da580000,0x00000000da580000,0x00000000daa80000)
  to   space 5120K, 0% used [0x00000000da080000,0x00000000da080000,0x00000000da580000)
 ParOldGen       total 74240K, used 16905K [0x0000000081e00000, 0x0000000086680000, 0x00000000d5f80000)
  object space 74240K, 22% used [0x0000000081e00000,0x0000000082e82588,0x0000000086680000)
 Metaspace       used 24502K, capacity 25082K, committed 25392K, reserved 1071104K
  class space    used 2833K, capacity 3010K, committed 3120K, reserved 1048576K
Event: 3.603 GC heap after
Heap after GC invocations=8 (full 1):
 PSYoungGen      total 71680K, used 5088K [0x00000000d5f80000, 0x00000000daa80000, 0x0000000100000000)
  eden space 66560K, 0% used [0x00000000d5f80000,0x00000000d5f80000,0x00000000da080000)
  from space 5120K, 99% used [0x00000000da080000,0x00000000da5781e0,0x00000000da580000)
  to   space 5120K, 0% used [0x00000000da580000,0x00000000da580000,0x00000000daa80000)
 ParOldGen       total 74240K, used 24004K [0x0000000081e00000, 0x0000000086680000, 0x00000000d5f80000)
  object space 74240K, 32% used [0x0000000081e00000,0x0000000083571350,0x0000000086680000)
 Metaspace       used 24502K, capacity 25082K, committed 25392K, reserved 1071104K
  class space    used 2833K, capacity 3010K, committed 3120K, reserved 1048576K
}
Event: 3.980 GC heap before
{Heap before GC invocations=9 (full 1):
 PSYoungGen      total 71680K, used 71648K [0x00000000d5f80000, 0x00000000daa80000, 0x0000000100000000)
  eden space 66560K, 100% used [0x00000000d5f80000,0x00000000da080000,0x00000000da080000)
  from space 5120K, 99% used [0x00000000da080000,0x00000000da5781e0,0x00000000da580000)
  to   space 5120K, 0% used [0x00000000da580000,0x00000000da580000,0x00000000daa80000)
 ParOldGen       total 74240K, used 24004K [0x0000000081e00000, 0x0000000086680000, 0x00000000d5f80000)
  object space 74240K, 32% used [0x0000000081e00000,0x0000000083571350,0x0000000086680000)
 Metaspace       used 24518K, capacity 25082K, committed 25392K, reserved 1071104K
  class space    used 2834K, capacity 3010K, committed 3120K, reserved 1048576K
Event: 3.988 GC heap after
Heap after GC invocations=9 (full 1):
 PSYoungGen      total 60416K, used 5088K [0x00000000d5f80000, 0x00000000de280000, 0x0000000100000000)
  eden space 55296K, 0% used [0x00000000d5f80000,0x00000000d5f80000,0x00000000d9580000)
  from space 5120K, 99% used [0x00000000da580000,0x00000000daa78010,0x00000000daa80000)
  to   space 16384K, 0% used [0x00000000d9580000,0x00000000d9580000,0x00000000da580000)
 ParOldGen       total 74240K, used 34437K [0x0000000081e00000, 0x0000000086680000, 0x00000000d5f80000)
  object space 74240K, 46% used [0x0000000081e00000,0x0000000083fa1670,0x0000000086680000)
 Metaspace       used 24518K, capacity 25082K, committed 25392K, reserved 1071104K
  class space    used 2834K, capacity 3010K, committed 3120K, reserved 1048576K
}

Deoptimization events (10 events):
Event: 3.204 Thread 0x000000001cb1d800 Uncommon trap: reason=unstable_if action=reinterpret pc=0x0000000003f048f8 method=com.sun.org.apache.xerces.internal.impl.XMLEntityScanner.peekChar()I @ 14
Event: 3.206 Thread 0x000000001cb1d800 Uncommon trap: reason=unstable_if action=reinterpret pc=0x0000000003fb36d0 method=com.sun.org.apache.xerces.internal.impl.XMLEntityScanner.scanContent(Lcom/sun/org/apache/xerces/internal/xni/XMLString;)I @ 526
Event: 3.217 Thread 0x000000001cb1d800 Uncommon trap: reason=unstable_if action=reinterpret pc=0x0000000003f85028 method=com.sun.org.apache.xerces.internal.impl.io.UTF8Reader.read([CII)I @ 131
Event: 3.396 Thread 0x000000001cb1d800 Uncommon trap: reason=unstable_if action=reinterpret pc=0x000000000404e32c method=java.util.LinkedHashMap.afterNodeAccess(Ljava/util/HashMap$Node;)V @ 41
Event: 3.587 Thread 0x000000001cb1d800 Uncommon trap: reason=unstable_if action=reinterpret pc=0x0000000004094834 method=org.apache.tomcat.util.bcel.classfile.ConstantUtf8$1.removeEldestEntry(Ljava/util/Map$Entry;)Z @ 7
Event: 3.587 Thread 0x000000001cb1d800 Uncommon trap: reason=unstable_if action=reinterpret pc=0x00000000040a1854 method=org.apache.tomcat.util.bcel.classfile.ConstantUtf8$1.removeEldestEntry(Ljava/util/Map$Entry;)Z @ 7
Event: 3.804 Thread 0x000000001cb1d800 Uncommon trap: reason=unloaded action=reinterpret pc=0x00000000041111e0 method=org.apache.tomcat.util.bcel.classfile.Attribute.readAttribute(Ljava/io/DataInputStream;Lorg/apache/tomcat/util/bcel/classfile/ConstantPool;)Lorg/apache/tomcat/util/bcel/classfi
Event: 3.871 Thread 0x000000001cb1d800 Uncommon trap: reason=unstable_if action=reinterpret pc=0x00000000040494e4 method=java.io.DataInputStream.readUTF(Ljava/io/DataInput;)Ljava/lang/String; @ 112
Event: 3.969 Thread 0x000000001cb1d800 Uncommon trap: reason=unloaded action=reinterpret pc=0x0000000004160824 method=org.apache.tomcat.util.bcel.classfile.Attribute.readAttribute(Ljava/io/DataInputStream;Lorg/apache/tomcat/util/bcel/classfile/ConstantPool;)Lorg/apache/tomcat/util/bcel/classfi
Event: 3.991 Thread 0x000000001cb1d800 Uncommon trap: reason=unstable_if action=reinterpret pc=0x0000000004106ef8 method=java.util.LinkedHashMap.afterNodeAccess(Ljava/util/HashMap$Node;)V @ 14

Classes redefined (0 events):
No events

Internal exceptions (10 events):
Event: 1.029 Thread 0x00000000031b2800 Exception <a 'java/lang/NoClassDefFoundError': javax/annotation/Priority> (0x00000000d6fad540) thrown at [C:\re\workspace\8-2-build-windows-amd64-cygwin\jdk8u191\11896\hotspot\src\share\vm\classfile\systemDictionary.cpp, line 199]
Event: 1.092 Thread 0x00000000031b2800 Implicit null exception at 0x00000000034546d8 to 0x0000000003454891
Event: 1.167 Thread 0x00000000031b2800 Implicit null exception at 0x00000000036134d6 to 0x0000000003613869
Event: 1.167 Thread 0x00000000031b2800 Implicit null exception at 0x00000000034d1bd6 to 0x00000000034d1f69
Event: 1.561 Thread 0x00000000031b2800 Implicit null exception at 0x000000000365f555 to 0x000000000365f725
Event: 1.561 Thread 0x00000000031b2800 Implicit null exception at 0x000000000369a66f to 0x000000000369a6d9
Event: 1.563 Thread 0x00000000031b2800 Implicit null exception at 0x000000000362a71b to 0x000000000362ab85
Event: 2.021 Thread 0x00000000031b2800 Implicit null exception at 0x0000000003a78877 to 0x0000000003a78ac1
Event: 2.814 Thread 0x00000000031b2800 Exception <a 'java/io/FileNotFoundException'> (0x00000000d954d310) thrown at [C:\re\workspace\8-2-build-windows-amd64-cygwin\jdk8u191\11896\hotspot\src\share\vm\prims\jni.cpp, line 709]
Event: 3.396 Thread 0x000000001cb1d800 Implicit null exception at 0x000000000404e15d to 0x000000000404e309

Events (10 events):
Event: 3.991 Thread 0x000000001cb1d800 DEOPT PACKING pc=0x0000000004106ef8 sp=0x000000001f43e800
Event: 3.991 Thread 0x000000001cb1d800 DEOPT UNPACKING pc=0x00000000032f583b sp=0x000000001f43e5f8 mode 2
Event: 4.003 Thread 0x00000000191cc800 flushing nmethod 0x00000000033b3a90
Event: 4.003 Thread 0x00000000191cc800 flushing nmethod 0x00000000033c7410
Event: 4.003 Thread 0x00000000191cc800 flushing nmethod 0x00000000033c8610
Event: 4.003 Thread 0x00000000191cc800 flushing nmethod 0x00000000033cd490
Event: 4.003 Thread 0x00000000191cc800 flushing nmethod 0x00000000033e4b10
Event: 4.003 Thread 0x00000000191cc800 flushing nmethod 0x00000000033e6d10
Event: 4.003 Thread 0x00000000191cc800 flushing nmethod 0x0000000003432690
Event: 4.003 Thread 0x00000000191cc800 flushing nmethod 0x000000000343b390


Dynamic libraries:
0x00007ff66be80000 - 0x00007ff66beb7000 	C:\Program Files\Java\jdk1.8.0_191\bin\java.exe
0x00007ffc048d0000 - 0x00007ffc04abd000 	C:\WINDOWS\SYSTEM32\ntdll.dll
0x00007ffc02220000 - 0x00007ffc022d3000 	C:\WINDOWS\System32\KERNEL32.DLL
0x00007ffc00dd0000 - 0x00007ffc01063000 	C:\WINDOWS\System32\KERNELBASE.dll
0x00007ffc042d0000 - 0x00007ffc04373000 	C:\WINDOWS\System32\ADVAPI32.dll
0x00007ffc01e30000 - 0x00007ffc01ece000 	C:\WINDOWS\System32\msvcrt.dll
0x00007ffc01bb0000 - 0x00007ffc01c4e000 	C:\WINDOWS\System32\sechost.dll
0x00007ffc01ee0000 - 0x00007ffc02002000 	C:\WINDOWS\System32\RPCRT4.dll
0x00007ffc02010000 - 0x00007ffc021a7000 	C:\WINDOWS\System32\USER32.dll
0x00007ffc01070000 - 0x00007ffc01090000 	C:\WINDOWS\System32\win32u.dll
0x00007ffc04130000 - 0x00007ffc04159000 	C:\WINDOWS\System32\GDI32.dll
0x00007ffc00a50000 - 0x00007ffc00bea000 	C:\WINDOWS\System32\gdi32full.dll
0x00007ffc01090000 - 0x00007ffc01130000 	C:\WINDOWS\System32\msvcp_win.dll
0x00007ffc01930000 - 0x00007ffc01a2a000 	C:\WINDOWS\System32\ucrtbase.dll
0x00007ffbea670000 - 0x00007ffbea8e9000 	C:\WINDOWS\WinSxS\amd64_microsoft.windows.common-controls_6595b64144ccf1df_6.0.17763.348_none_05b73c0a071d7a57\COMCTL32.dll
0x00007ffc04390000 - 0x00007ffc046bd000 	C:\WINDOWS\System32\combase.dll
0x00007ffc01160000 - 0x00007ffc011de000 	C:\WINDOWS\System32\bcryptPrimitives.dll
0x00007ffc01c50000 - 0x00007ffc01c7e000 	C:\WINDOWS\System32\IMM32.DLL
0x000000006b6a0000 - 0x000000006b772000 	C:\Program Files\Java\jdk1.8.0_191\jre\bin\msvcr100.dll
0x000000006adf0000 - 0x000000006b694000 	C:\Program Files\Java\jdk1.8.0_191\jre\bin\server\jvm.dll
0x00007ffc04380000 - 0x00007ffc04388000 	C:\WINDOWS\System32\PSAPI.DLL
0x00007ffc000a0000 - 0x00007ffc000a9000 	C:\WINDOWS\SYSTEM32\WSOCK32.dll
0x00007ffc021b0000 - 0x00007ffc0221d000 	C:\WINDOWS\System32\WS2_32.dll
0x00007ffbfd330000 - 0x00007ffbfd354000 	C:\WINDOWS\SYSTEM32\WINMM.dll
0x00007ffbffe90000 - 0x00007ffbffe9a000 	C:\WINDOWS\SYSTEM32\VERSION.dll
0x00007ffbfd300000 - 0x00007ffbfd32d000 	C:\WINDOWS\SYSTEM32\winmmbase.dll
0x00007ffc00a00000 - 0x00007ffc00a4a000 	C:\WINDOWS\System32\cfgmgr32.dll
0x000000006ade0000 - 0x000000006adef000 	C:\Program Files\Java\jdk1.8.0_191\jre\bin\verify.dll
0x000000006adb0000 - 0x000000006add9000 	C:\Program Files\Java\jdk1.8.0_191\jre\bin\java.dll
0x000000006ad80000 - 0x000000006ada3000 	C:\Program Files\Java\jdk1.8.0_191\jre\bin\instrument.dll
0x000000006ad60000 - 0x000000006ad76000 	C:\Program Files\Java\jdk1.8.0_191\jre\bin\zip.dll
0x00007ffc023e0000 - 0x00007ffc038d0000 	C:\WINDOWS\System32\SHELL32.dll
0x00007ffc01b00000 - 0x00007ffc01ba8000 	C:\WINDOWS\System32\shcore.dll
0x00007ffc011e0000 - 0x00007ffc0192a000 	C:\WINDOWS\System32\windows.storage.dll
0x00007ffc00910000 - 0x00007ffc00934000 	C:\WINDOWS\System32\profapi.dll
0x00007ffc00940000 - 0x00007ffc0099d000 	C:\WINDOWS\System32\powrprof.dll
0x00007ffc040d0000 - 0x00007ffc04122000 	C:\WINDOWS\System32\shlwapi.dll
0x00007ffc008f0000 - 0x00007ffc00901000 	C:\WINDOWS\System32\kernel.appcore.dll
0x00007ffc01ae0000 - 0x00007ffc01af7000 	C:\WINDOWS\System32\cryptsp.dll
0x00007ffbfd360000 - 0x00007ffbfd37a000 	D:\IntelliJ IDEA 2018.3.2\bin\breakgen64.dll
0x000000006ad40000 - 0x000000006ad5a000 	C:\Program Files\Java\jdk1.8.0_191\jre\bin\net.dll
0x00007ffbffc30000 - 0x00007ffbffc97000 	C:\WINDOWS\system32\mswsock.dll
0x00007ffbff800000 - 0x00007ffbff833000 	C:\WINDOWS\system32\rsaenh.dll
0x00007ffc01130000 - 0x00007ffc01156000 	C:\WINDOWS\System32\bcrypt.dll
0x00007ffc007d0000 - 0x00007ffc007f8000 	C:\WINDOWS\SYSTEM32\USERENV.dll
0x00007ffbffe00000 - 0x00007ffbffe0c000 	C:\WINDOWS\SYSTEM32\CRYPTBASE.dll
0x00007ffbff9a0000 - 0x00007ffbff9dd000 	C:\WINDOWS\SYSTEM32\IPHLPAPI.DLL
0x00007ffc01ed0000 - 0x00007ffc01ed8000 	C:\WINDOWS\System32\NSI.dll
0x00007ffbf76f0000 - 0x00007ffbf7706000 	C:\WINDOWS\SYSTEM32\dhcpcsvc6.DLL
0x00007ffbf76d0000 - 0x00007ffbf76ec000 	C:\WINDOWS\SYSTEM32\dhcpcsvc.DLL
0x00007ffbff9e0000 - 0x00007ffbffaa6000 	C:\WINDOWS\SYSTEM32\DNSAPI.dll
0x000000006ad20000 - 0x000000006ad31000 	C:\Program Files\Java\jdk1.8.0_191\jre\bin\nio.dll
0x00007ffbf6f30000 - 0x00007ffbf6f3a000 	C:\Users\Administrator\AppData\Local\Temp\jansi-1.17.1-3746526867527439273.dll
0x00007ffbf5d20000 - 0x00007ffbf5d2a000 	C:\Users\Administrator\AppData\Local\Temp\jansi-1.17.1-287794442985531390.dll
0x000000006ad10000 - 0x000000006ad1d000 	C:\Program Files\Java\jdk1.8.0_191\jre\bin\management.dll

VM Arguments:
jvm_args: -Dmaven.multiModuleProjectDirectory=H:\IdeaWorkspace\zshop\zshop_parent\zshop_backend_web -Dmaven.home=G:\apache-maven-3.6.0 -Dclassworlds.conf=G:\apache-maven-3.6.0\bin\m2.conf -javaagent:D:\IntelliJ IDEA 2018.3.2\lib\idea_rt.jar=52540:D:\IntelliJ IDEA 2018.3.2\bin -Dfile.encoding=UTF-8 
java_command: org.codehaus.classworlds.Launcher -Didea.version=2018.3.2 -s G:\apache-maven-3.6.0\conf\settings.xml -Dmaven.repo.local=G:\apache-maven-3.6.0\MavenRepository clean tomcat7:run
java_class_path (initial): G:\apache-maven-3.6.0\boot\plexus-classworlds-2.5.2.jar;D:\IntelliJ IDEA 2018.3.2\lib\idea_rt.jar
Launcher Type: SUN_STANDARD

Environment Variables:
JAVA_HOME=C:\Program Files\Java\jdk1.7.0_80
CLASSPATH=.;C:\Program Files\Java\jdk1.7.0_80lib;C:\Program Files\Java\jdk1.7.0_80lib\tools.jar;
PATH=C:\Program Files (x86)\Common Files\Oracle\Java\javapath;C:\WINDOWS\system32;C:\WINDOWS;C:\WINDOWS\System32\Wbem;C:\WINDOWS\System32\WindowsPowerShell\v1.0\;C:\Program Files\Java\jdk1.7.0_80\bin;C:\Program Files\Java\jdk1.7.0_80\jre\bin;C:\MySQL\MySQL Server 5.5\bin;C:\WINDOWS\System32\OpenSSH\;G:\apache-maven-3.6.0\bin\;C:\Program Files\Git\cmd;C:\Program Files\dotnet\;C:\Program Files\Microsoft SQL Server\130\Tools\Binn\;C:\Users\Administrator\AppData\Local\Programs\Python\Python36-32\Scripts\;C:\Users\Administrator\AppData\Local\Programs\Python\Python36-32\;C:\Users\Administrator\AppData\Local\Microsoft\WindowsApps;;C:\Users\Administrator\AppData\Local\Programs\Microsoft VS Code\bin;C:\vscode\Microsoft VS Code Insiders\bin
USERNAME=Administrator
OS=Windows_NT
PROCESSOR_IDENTIFIER=Intel64 Family 6 Model 158 Stepping 9, GenuineIntel



---------------  S Y S T E M  ---------------

OS: Windows 10.0 , 64 bit Build 17763 (10.0.17763.292)

CPU:total 4 (initial active 4) (4 cores per cpu, 1 threads per core) family 6 model 158 stepping 9, cmov, cx8, fxsr, mmx, sse, sse2, sse3, ssse3, sse4.1, sse4.2, popcnt, avx, avx2, aes, clmul, erms, rtm, 3dnowpref, lzcnt, tsc, tscinvbit, bmi1, bmi2, adx

Memory: 4k page, physical 8264920k(1925536k free), swap 33430744k(5252k free)

vm_info: Java HotSpot(TM) 64-Bit Server VM (25.191-b12) for windows-amd64 JRE (1.8.0_191-b12), built on Oct  6 2018 09:29:03 by "java_re" with MS VC++ 10.0 (VS2010)

time: Tue May 07 19:43:16 2019
elapsed time: 4 seconds (0d 0h 0m 4s)

