#
# There is insufficient memory for the Java Runtime Environment to continue.
# Native memory allocation (malloc) failed to allocate 410336 bytes for Chunk::new
# Possible reasons:
#   The system is out of physical RAM or swap space
#   In 32 bit mode, the process size limit was hit
# Possible solutions:
#   Reduce memory load on the system
#   Increase physical memory or swap space
#   Check if swap backing store is full
#   Use 64 bit Java on a 64 bit OS
#   Decrease Java heap size (-Xmx/-Xms)
#   Decrease number of Java threads
#   Decrease Java thread stack sizes (-Xss)
#   Set larger code cache with -XX:ReservedCodeCacheSize=
# This output file may be truncated or incomplete.
#
#  Out of Memory Error (allocation.cpp:390), pid=9432, tid=0x0000000000003da0
#
# JRE version: Java(TM) SE Runtime Environment (8.0_191-b12) (build 1.8.0_191-b12)
# Java VM: Java HotSpot(TM) 64-Bit Server VM (25.191-b12 mixed mode windows-amd64 compressed oops)
# Failed to write core dump. Minidumps are not enabled by default on client versions of Windows
#

---------------  T H R E A D  ---------------

Current thread (0x00000000190ff800):  JavaThread "C2 CompilerThread1" daemon [_thread_in_native, id=15776, stack(0x00000000198e0000,0x00000000199e0000)]

Stack: [0x00000000198e0000,0x00000000199e0000]
[error occurred during error reporting (printing stack bounds), id 0xc0000005]

Native frames: (J=compiled Java code, j=interpreted, Vv=VM code, C=native code)


Current CompileTask:
C2:   4801 4171   !   4       java.net.URL::<init> (543 bytes)


---------------  P R O C E S S  ---------------

Java Threads: ( => current thread )
  0x000000001db15000 JavaThread "localhost-startStop-1" daemon [_thread_in_Java, id=2404, stack(0x000000001f9c0000,0x000000001fac0000)]
  0x000000001df1f000 JavaThread "Tomcat-startStop-1" daemon [_thread_blocked, id=6644, stack(0x000000001cf70000,0x000000001d070000)]
  0x0000000019196000 JavaThread "Service Thread" daemon [_thread_blocked, id=2472, stack(0x0000000019ae0000,0x0000000019be0000)]
  0x0000000019101000 JavaThread "C1 CompilerThread2" daemon [_thread_blocked, id=13224, stack(0x00000000199e0000,0x0000000019ae0000)]
=>0x00000000190ff800 JavaThread "C2 CompilerThread1" daemon [_thread_in_native, id=15776, stack(0x00000000198e0000,0x00000000199e0000)]
  0x00000000190fc800 JavaThread "C2 CompilerThread0" daemon [_thread_in_native, id=9764, stack(0x00000000197e0000,0x00000000198e0000)]
  0x00000000190f9000 JavaThread "Monitor Ctrl-Break" daemon [_thread_in_native, id=15060, stack(0x00000000196e0000,0x00000000197e0000)]
  0x0000000017d2e800 JavaThread "Attach Listener" daemon [_thread_blocked, id=6808, stack(0x00000000195d0000,0x00000000196d0000)]
  0x00000000190d8800 JavaThread "Signal Dispatcher" daemon [_thread_blocked, id=19556, stack(0x00000000194d0000,0x00000000195d0000)]
  0x00000000031fb800 JavaThread "Finalizer" daemon [_thread_blocked, id=5384, stack(0x0000000018f70000,0x0000000019070000)]
  0x00000000031f3000 JavaThread "Reference Handler" daemon [_thread_blocked, id=19168, stack(0x0000000018e70000,0x0000000018f70000)]
  0x0000000003102800 JavaThread "main" [_thread_blocked, id=7980, stack(0x0000000002ee0000,0x0000000002fe0000)]

Other Threads:
  0x0000000017ce7000 VMThread [stack: 0x0000000018d70000,0x0000000018e70000] [id=1044]
  0x0000000019146000 WatcherThread [stack: 0x0000000019be0000,0x0000000019ce0000] [id=18940]

VM state:not at safepoint (normal execution)

VM Mutex/Monitor currently owned by a thread: None

Heap:
 PSYoungGen      total 138240K, used 108845K [0x00000000d5f80000, 0x00000000deb80000, 0x0000000100000000)
  eden space 133120K, 81% used [0x00000000d5f80000,0x00000000dc9cb4c8,0x00000000de180000)
  from space 5120K, 0% used [0x00000000de180000,0x00000000de180000,0x00000000de680000)
  to   space 5120K, 0% used [0x00000000de680000,0x00000000de680000,0x00000000deb80000)
 ParOldGen       total 76800K, used 16902K [0x0000000081e00000, 0x0000000086900000, 0x00000000d5f80000)
  object space 76800K, 22% used [0x0000000081e00000,0x0000000082e81ab8,0x0000000086900000)
 Metaspace       used 24524K, capacity 25082K, committed 25392K, reserved 1071104K
  class space    used 2832K, capacity 3010K, committed 3120K, reserved 1048576K

Card table byte_map: [0x00000000125c0000,0x00000000129c0000] byte_map_base: 0x00000000121b1000

Marking Bits: (ParMarkBitMap*) 0x000000006b613e30
 Begin Bits: [0x0000000013070000, 0x0000000014ff8000)
 End Bits:   [0x0000000014ff8000, 0x0000000016f80000)

Polling page: 0x0000000001350000

CodeCache: size=245760Kb used=14564Kb max_used=14574Kb free=231195Kb
 bounds [0x0000000003200000, 0x0000000004050000, 0x0000000012200000]
 total_blobs=4553 nmethods=4140 adapters=325
 compilation: enabled

Compilation events (10 events):
Event: 4.775 Thread 0x0000000019101000 4168   !   3       sun.misc.URLClassPath$JarLoader::getResource (353 bytes)
Event: 4.777 Thread 0x0000000019101000 nmethod 4168 0x0000000004044690 code [0x0000000004044aa0, 0x0000000004046928]
Event: 4.777 Thread 0x0000000019101000 4169       3       sun.misc.JarIndex::get (49 bytes)
Event: 4.777 Thread 0x0000000019101000 nmethod 4169 0x0000000004032090 code [0x0000000004032260, 0x0000000004032ad8]
Event: 4.778 Thread 0x00000000190fc800 4170       4       org.apache.tomcat.util.bcel.classfile.ConstantPool::getConstantString (103 bytes)
Event: 4.779 Thread 0x00000000190ff800 4171   !   4       java.net.URL::<init> (543 bytes)
Event: 4.780 Thread 0x00000000190fc800 nmethod 4170 0x0000000004033390 code [0x0000000004033500, 0x0000000004033778]
Event: 4.782 Thread 0x00000000190fc800 4172       4       org.apache.tomcat.util.bcel.classfile.StackMapTableEntry::<init> (440 bytes)
Event: 4.784 Thread 0x0000000019101000 4175       3       sun.net.www.protocol.file.FileURLConnection::<init> (38 bytes)
Event: 4.785 Thread 0x0000000019101000 nmethod 4175 0x0000000004031950 code [0x0000000004031ae0, 0x0000000004031e98]

GC Heap History (10 events):
Event: 0.867 GC heap before
{Heap before GC invocations=2 (full 0):
 PSYoungGen      total 38400K, used 38398K [0x00000000d5f80000, 0x00000000daa80000, 0x0000000100000000)
  eden space 33280K, 100% used [0x00000000d5f80000,0x00000000d8000000,0x00000000d8000000)
  from space 5120K, 99% used [0x00000000d8000000,0x00000000d84ff930,0x00000000d8500000)
  to   space 5120K, 0% used [0x00000000da580000,0x00000000da580000,0x00000000daa80000)
 ParOldGen       total 87552K, used 112K [0x0000000081e00000, 0x0000000087380000, 0x00000000d5f80000)
  object space 87552K, 0% used [0x0000000081e00000,0x0000000081e1c0a0,0x0000000087380000)
 Metaspace       used 11776K, capacity 12042K, committed 12416K, reserved 1060864K
  class space    used 1442K, capacity 1543K, committed 1664K, reserved 1048576K
Event: 0.871 GC heap after
Heap after GC invocations=2 (full 0):
 PSYoungGen      total 71680K, used 5088K [0x00000000d5f80000, 0x00000000daa80000, 0x0000000100000000)
  eden space 66560K, 0% used [0x00000000d5f80000,0x00000000d5f80000,0x00000000da080000)
  from space 5120K, 99% used [0x00000000da580000,0x00000000daa78268,0x00000000daa80000)
  to   space 5120K, 0% used [0x00000000da080000,0x00000000da080000,0x00000000da580000)
 ParOldGen       total 87552K, used 1517K [0x0000000081e00000, 0x0000000087380000, 0x00000000d5f80000)
  object space 87552K, 1% used [0x0000000081e00000,0x0000000081f7b5b8,0x0000000087380000)
 Metaspace       used 11776K, capacity 12042K, committed 12416K, reserved 1060864K
  class space    used 1442K, capacity 1543K, committed 1664K, reserved 1048576K
}
Event: 1.624 GC heap before
{Heap before GC invocations=3 (full 0):
 PSYoungGen      total 71680K, used 71648K [0x00000000d5f80000, 0x00000000daa80000, 0x0000000100000000)
  eden space 66560K, 100% used [0x00000000d5f80000,0x00000000da080000,0x00000000da080000)
  from space 5120K, 99% used [0x00000000da580000,0x00000000daa78268,0x00000000daa80000)
  to   space 5120K, 0% used [0x00000000da080000,0x00000000da080000,0x00000000da580000)
 ParOldGen       total 87552K, used 1517K [0x0000000081e00000, 0x0000000087380000, 0x00000000d5f80000)
  object space 87552K, 1% used [0x0000000081e00000,0x0000000081f7b5b8,0x0000000087380000)
 Metaspace       used 15860K, capacity 16180K, committed 16384K, reserved 1062912K
  class space    used 1911K, capacity 2008K, committed 2048K, reserved 1048576K
Event: 1.636 GC heap after
Heap after GC invocations=3 (full 0):
 PSYoungGen      total 71680K, used 5112K [0x00000000d5f80000, 0x00000000deb80000, 0x0000000100000000)
  eden space 66560K, 0% used [0x00000000d5f80000,0x00000000d5f80000,0x00000000da080000)
  from space 5120K, 99% used [0x00000000da080000,0x00000000da57e030,0x00000000da580000)
  to   space 5120K, 0% used [0x00000000de680000,0x00000000de680000,0x00000000deb80000)
 ParOldGen       total 87552K, used 8008K [0x0000000081e00000, 0x0000000087380000, 0x00000000d5f80000)
  object space 87552K, 9% used [0x0000000081e00000,0x00000000825d2210,0x0000000087380000)
 Metaspace       used 15860K, capacity 16180K, committed 16384K, reserved 1062912K
  class space    used 1911K, capacity 2008K, committed 2048K, reserved 1048576K
}
Event: 2.356 GC heap before
{Heap before GC invocations=4 (full 0):
 PSYoungGen      total 71680K, used 71672K [0x00000000d5f80000, 0x00000000deb80000, 0x0000000100000000)
  eden space 66560K, 100% used [0x00000000d5f80000,0x00000000da080000,0x00000000da080000)
  from space 5120K, 99% used [0x00000000da080000,0x00000000da57e030,0x00000000da580000)
  to   space 5120K, 0% used [0x00000000de680000,0x00000000de680000,0x00000000deb80000)
 ParOldGen       total 87552K, used 8008K [0x0000000081e00000, 0x0000000087380000, 0x00000000d5f80000)
  object space 87552K, 9% used [0x0000000081e00000,0x00000000825d2210,0x0000000087380000)
 Metaspace       used 17511K, capacity 17914K, committed 18176K, reserved 1064960K
  class space    used 2057K, capacity 2193K, committed 2304K, reserved 1048576K
Event: 2.371 GC heap after
Heap after GC invocations=4 (full 0):
 PSYoungGen      total 138240K, used 5096K [0x00000000d5f80000, 0x00000000deb80000, 0x0000000100000000)
  eden space 133120K, 0% used [0x00000000d5f80000,0x00000000d5f80000,0x00000000de180000)
  from space 5120K, 99% used [0x00000000de680000,0x00000000deb7a040,0x00000000deb80000)
  to   space 5120K, 0% used [0x00000000de180000,0x00000000de180000,0x00000000de680000)
 ParOldGen       total 87552K, used 12322K [0x0000000081e00000, 0x0000000087380000, 0x00000000d5f80000)
  object space 87552K, 14% used [0x0000000081e00000,0x0000000082a08b68,0x0000000087380000)
 Metaspace       used 17511K, capacity 17914K, committed 18176K, reserved 1064960K
  class space    used 2057K, capacity 2193K, committed 2304K, reserved 1048576K
}
Event: 3.713 GC heap before
{Heap before GC invocations=5 (full 0):
 PSYoungGen      total 138240K, used 70951K [0x00000000d5f80000, 0x00000000deb80000, 0x0000000100000000)
  eden space 133120K, 49% used [0x00000000d5f80000,0x00000000d9fcfeb0,0x00000000de180000)
  from space 5120K, 99% used [0x00000000de680000,0x00000000deb7a040,0x00000000deb80000)
  to   space 5120K, 0% used [0x00000000de180000,0x00000000de180000,0x00000000de680000)
 ParOldGen       total 87552K, used 12322K [0x0000000081e00000, 0x0000000087380000, 0x00000000d5f80000)
  object space 87552K, 14% used [0x0000000081e00000,0x0000000082a08b68,0x0000000087380000)
 Metaspace       used 20704K, capacity 21206K, committed 21296K, reserved 1069056K
  class space    used 2402K, capacity 2571K, committed 2608K, reserved 1048576K
Event: 3.729 GC heap after
Heap after GC invocations=5 (full 0):
 PSYoungGen      total 138240K, used 5096K [0x00000000d5f80000, 0x00000000deb80000, 0x0000000100000000)
  eden space 133120K, 0% used [0x00000000d5f80000,0x00000000d5f80000,0x00000000de180000)
  from space 5120K, 99% used [0x00000000de180000,0x00000000de67a020,0x00000000de680000)
  to   space 5120K, 0% used [0x00000000de680000,0x00000000de680000,0x00000000deb80000)
 ParOldGen       total 87552K, used 18070K [0x0000000081e00000, 0x0000000087380000, 0x00000000d5f80000)
  object space 87552K, 20% used [0x0000000081e00000,0x0000000082fa5800,0x0000000087380000)
 Metaspace       used 20704K, capacity 21206K, committed 21296K, reserved 1069056K
  class space    used 2402K, capacity 2571K, committed 2608K, reserved 1048576K
}
Event: 3.729 GC heap before
{Heap before GC invocations=6 (full 1):
 PSYoungGen      total 138240K, used 5096K [0x00000000d5f80000, 0x00000000deb80000, 0x0000000100000000)
  eden space 133120K, 0% used [0x00000000d5f80000,0x00000000d5f80000,0x00000000de180000)
  from space 5120K, 99% used [0x00000000de180000,0x00000000de67a020,0x00000000de680000)
  to   space 5120K, 0% used [0x00000000de680000,0x00000000de680000,0x00000000deb80000)
 ParOldGen       total 87552K, used 18070K [0x0000000081e00000, 0x0000000087380000, 0x00000000d5f80000)
  object space 87552K, 20% used [0x0000000081e00000,0x0000000082fa5800,0x0000000087380000)
 Metaspace       used 20704K, capacity 21206K, committed 21296K, reserved 1069056K
  class space    used 2402K, capacity 2571K, committed 2608K, reserved 1048576K
Event: 3.792 GC heap after
Heap after GC invocations=6 (full 1):
 PSYoungGen      total 138240K, used 0K [0x00000000d5f80000, 0x00000000deb80000, 0x0000000100000000)
  eden space 133120K, 0% used [0x00000000d5f80000,0x00000000d5f80000,0x00000000de180000)
  from space 5120K, 0% used [0x00000000de180000,0x00000000de180000,0x00000000de680000)
  to   space 5120K, 0% used [0x00000000de680000,0x00000000de680000,0x00000000deb80000)
 ParOldGen       total 76800K, used 16902K [0x0000000081e00000, 0x0000000086900000, 0x00000000d5f80000)
  object space 76800K, 22% used [0x0000000081e00000,0x0000000082e81ab8,0x0000000086900000)
 Metaspace       used 20704K, capacity 21206K, committed 21296K, reserved 1069056K
  class space    used 2402K, capacity 2571K, committed 2608K, reserved 1048576K
}

Deoptimization events (10 events):
Event: 4.352 Thread 0x000000001db15000 Uncommon trap: reason=unstable_if action=reinterpret pc=0x00000000033fe2b8 method=sun.misc.URLClassPath$JarLoader.getResource(Ljava/lang/String;Z)Lsun/misc/Resource; @ 62
Event: 4.362 Thread 0x000000001db15000 Uncommon trap: reason=class_check action=maybe_recompile pc=0x0000000003ea4d4c method=java.util.Hashtable.addEntry(ILjava/lang/Object;Ljava/lang/Object;I)V @ 38
Event: 4.383 Thread 0x000000001db15000 Uncommon trap: reason=unstable_if action=reinterpret pc=0x0000000003ea83f8 method=com.sun.org.apache.xerces.internal.impl.XMLEntityScanner.peekChar()I @ 14
Event: 4.568 Thread 0x000000001db15000 Uncommon trap: reason=unstable_if action=reinterpret pc=0x0000000003f6f724 method=java.io.DataInputStream.readUTF(Ljava/io/DataInput;)Ljava/lang/String; @ 112
Event: 4.590 Thread 0x000000001db15000 Uncommon trap: reason=unloaded action=reinterpret pc=0x0000000003fa66b0 method=org.apache.tomcat.util.bcel.classfile.Constant.readConstant(Ljava/io/DataInputStream;)Lorg/apache/tomcat/util/bcel/classfile/Constant; @ 146
Event: 4.654 Thread 0x000000001db15000 Uncommon trap: reason=unloaded action=reinterpret pc=0x0000000003fc0728 method=org.apache.tomcat.util.bcel.classfile.Constant.readConstant(Ljava/io/DataInputStream;)Lorg/apache/tomcat/util/bcel/classfile/Constant; @ 164
Event: 4.654 Thread 0x000000001db15000 Uncommon trap: reason=unstable_if action=reinterpret pc=0x0000000003fc2320 method=org.apache.tomcat.util.bcel.classfile.ConstantPool.<init>(Ljava/io/DataInputStream;)V @ 56
Event: 4.664 Thread 0x000000001db15000 Uncommon trap: reason=unloaded action=reinterpret pc=0x0000000003fc6618 method=org.apache.tomcat.util.bcel.classfile.Attribute.readAttribute(Ljava/io/DataInputStream;Lorg/apache/tomcat/util/bcel/classfile/ConstantPool;)Lorg/apache/tomcat/util/bcel/classfi
Event: 4.684 Thread 0x000000001db15000 Uncommon trap: reason=unstable_if action=reinterpret pc=0x0000000003fbc704 method=org.apache.tomcat.util.bcel.classfile.ConstantUtf8$1.removeEldestEntry(Ljava/util/Map$Entry;)Z @ 7
Event: 4.739 Thread 0x000000001db15000 Uncommon trap: reason=unstable_if action=reinterpret pc=0x0000000004027854 method=java.util.HashMap.removeNode(ILjava/lang/Object;Ljava/lang/Object;ZZ)Ljava/util/HashMap$Node; @ 71

Classes redefined (0 events):
No events

Internal exceptions (10 events):
Event: 1.064 Thread 0x0000000003102800 Exception <a 'java/lang/NoClassDefFoundError': javax/annotation/Priority> (0x00000000d70184e8) thrown at [C:\re\workspace\8-2-build-windows-amd64-cygwin\jdk8u191\11896\hotspot\src\share\vm\classfile\systemDictionary.cpp, line 199]
Event: 1.157 Thread 0x0000000003102800 Implicit null exception at 0x00000000033a6318 to 0x00000000033a64d1
Event: 1.221 Thread 0x0000000003102800 Implicit null exception at 0x000000000342e296 to 0x000000000342e631
Event: 1.221 Thread 0x0000000003102800 Implicit null exception at 0x000000000342a2d6 to 0x000000000342a669
Event: 1.377 Thread 0x0000000003102800 Implicit null exception at 0x000000000384c2cb to 0x000000000384d571
Event: 1.611 Thread 0x0000000003102800 Implicit null exception at 0x00000000035ca115 to 0x00000000035ca2e5
Event: 1.611 Thread 0x0000000003102800 Implicit null exception at 0x0000000003612f6f to 0x0000000003612fd9
Event: 1.613 Thread 0x0000000003102800 Implicit null exception at 0x000000000387121a to 0x0000000003871a3d
Event: 1.613 Thread 0x0000000003102800 Implicit null exception at 0x00000000035a16db to 0x00000000035a1b41
Event: 3.430 Thread 0x0000000003102800 Exception <a 'java/io/FileNotFoundException'> (0x00000000d942a028) thrown at [C:\re\workspace\8-2-build-windows-amd64-cygwin\jdk8u191\11896\hotspot\src\share\vm\prims\jni.cpp, line 709]

Events (10 events):
Event: 4.703 Thread 0x000000001db15000 DEOPT UNPACKING pc=0x0000000003247890 sp=0x000000001fabe710 mode 0
Event: 4.714 Thread 0x000000001db15000 DEOPT PACKING pc=0x0000000003fd5f25 sp=0x000000001fabe9d0
Event: 4.714 Thread 0x000000001db15000 DEOPT UNPACKING pc=0x0000000003247890 sp=0x000000001fabe710 mode 0
Event: 4.728 Thread 0x000000001db15000 DEOPT PACKING pc=0x0000000003fd5f25 sp=0x000000001fabe9d0
Event: 4.728 Thread 0x000000001db15000 DEOPT UNPACKING pc=0x0000000003247890 sp=0x000000001fabe710 mode 0
Event: 4.737 Thread 0x000000001db15000 DEOPT PACKING pc=0x0000000003fd5f25 sp=0x000000001fabe9d0
Event: 4.737 Thread 0x000000001db15000 DEOPT UNPACKING pc=0x0000000003247890 sp=0x000000001fabe710 mode 0
Event: 4.739 Thread 0x000000001db15000 Uncommon trap: trap_request=0xffffff65 fr.pc=0x0000000004027854
Event: 4.739 Thread 0x000000001db15000 DEOPT PACKING pc=0x0000000004027854 sp=0x000000001fabe450
Event: 4.739 Thread 0x000000001db15000 DEOPT UNPACKING pc=0x000000000324583b sp=0x000000001fabe1f8 mode 2


Dynamic libraries:
0x00007ff66be80000 - 0x00007ff66beb7000 	C:\Program Files\Java\jdk1.8.0_191\bin\java.exe
0x00007ffc048d0000 - 0x00007ffc04abd000 	C:\WINDOWS\SYSTEM32\ntdll.dll
0x00007ffc02220000 - 0x00007ffc022d3000 	C:\WINDOWS\System32\KERNEL32.DLL
0x00007ffc00dd0000 - 0x00007ffc01063000 	C:\WINDOWS\System32\KERNELBASE.dll
0x00007ffc042d0000 - 0x00007ffc04373000 	C:\WINDOWS\System32\ADVAPI32.dll
0x00007ffc01e30000 - 0x00007ffc01ece000 	C:\WINDOWS\System32\msvcrt.dll
0x00007ffc01bb0000 - 0x00007ffc01c4e000 	C:\WINDOWS\System32\sechost.dll
0x00007ffc01ee0000 - 0x00007ffc02002000 	C:\WINDOWS\System32\RPCRT4.dll
0x00007ffc02010000 - 0x00007ffc021a7000 	C:\WINDOWS\System32\USER32.dll
0x00007ffc01070000 - 0x00007ffc01090000 	C:\WINDOWS\System32\win32u.dll
0x00007ffc04130000 - 0x00007ffc04159000 	C:\WINDOWS\System32\GDI32.dll
0x00007ffc00a50000 - 0x00007ffc00bea000 	C:\WINDOWS\System32\gdi32full.dll
0x00007ffc01090000 - 0x00007ffc01130000 	C:\WINDOWS\System32\msvcp_win.dll
0x00007ffc01930000 - 0x00007ffc01a2a000 	C:\WINDOWS\System32\ucrtbase.dll
0x00007ffbea670000 - 0x00007ffbea8e9000 	C:\WINDOWS\WinSxS\amd64_microsoft.windows.common-controls_6595b64144ccf1df_6.0.17763.348_none_05b73c0a071d7a57\COMCTL32.dll
0x00007ffc04390000 - 0x00007ffc046bd000 	C:\WINDOWS\System32\combase.dll
0x00007ffc01160000 - 0x00007ffc011de000 	C:\WINDOWS\System32\bcryptPrimitives.dll
0x00007ffc01c50000 - 0x00007ffc01c7e000 	C:\WINDOWS\System32\IMM32.DLL
0x000000006b6a0000 - 0x000000006b772000 	C:\Program Files\Java\jdk1.8.0_191\jre\bin\msvcr100.dll
0x000000006adf0000 - 0x000000006b694000 	C:\Program Files\Java\jdk1.8.0_191\jre\bin\server\jvm.dll
0x00007ffc04380000 - 0x00007ffc04388000 	C:\WINDOWS\System32\PSAPI.DLL
0x00007ffc000a0000 - 0x00007ffc000a9000 	C:\WINDOWS\SYSTEM32\WSOCK32.dll
0x00007ffc021b0000 - 0x00007ffc0221d000 	C:\WINDOWS\System32\WS2_32.dll
0x00007ffbffe90000 - 0x00007ffbffe9a000 	C:\WINDOWS\SYSTEM32\VERSION.dll
0x00007ffbfd330000 - 0x00007ffbfd354000 	C:\WINDOWS\SYSTEM32\WINMM.dll
0x00007ffbfd300000 - 0x00007ffbfd32d000 	C:\WINDOWS\SYSTEM32\winmmbase.dll
0x00007ffc00a00000 - 0x00007ffc00a4a000 	C:\WINDOWS\System32\cfgmgr32.dll
0x000000006ade0000 - 0x000000006adef000 	C:\Program Files\Java\jdk1.8.0_191\jre\bin\verify.dll
0x000000006adb0000 - 0x000000006add9000 	C:\Program Files\Java\jdk1.8.0_191\jre\bin\java.dll
0x000000006ad80000 - 0x000000006ada3000 	C:\Program Files\Java\jdk1.8.0_191\jre\bin\instrument.dll
0x000000006ad60000 - 0x000000006ad76000 	C:\Program Files\Java\jdk1.8.0_191\jre\bin\zip.dll
0x00007ffc023e0000 - 0x00007ffc038d0000 	C:\WINDOWS\System32\SHELL32.dll
0x00007ffc01b00000 - 0x00007ffc01ba8000 	C:\WINDOWS\System32\shcore.dll
0x00007ffc011e0000 - 0x00007ffc0192a000 	C:\WINDOWS\System32\windows.storage.dll
0x00007ffc00910000 - 0x00007ffc00934000 	C:\WINDOWS\System32\profapi.dll
0x00007ffc00940000 - 0x00007ffc0099d000 	C:\WINDOWS\System32\powrprof.dll
0x00007ffc040d0000 - 0x00007ffc04122000 	C:\WINDOWS\System32\shlwapi.dll
0x00007ffc008f0000 - 0x00007ffc00901000 	C:\WINDOWS\System32\kernel.appcore.dll
0x00007ffc01ae0000 - 0x00007ffc01af7000 	C:\WINDOWS\System32\cryptsp.dll
0x00007ffbea460000 - 0x00007ffbea47a000 	D:\IntelliJ IDEA 2018.3.2\bin\breakgen64.dll
0x000000006ad40000 - 0x000000006ad5a000 	C:\Program Files\Java\jdk1.8.0_191\jre\bin\net.dll
0x00007ffbffc30000 - 0x00007ffbffc97000 	C:\WINDOWS\system32\mswsock.dll
0x00007ffbff800000 - 0x00007ffbff833000 	C:\WINDOWS\system32\rsaenh.dll
0x00007ffc01130000 - 0x00007ffc01156000 	C:\WINDOWS\System32\bcrypt.dll
0x00007ffc007d0000 - 0x00007ffc007f8000 	C:\WINDOWS\SYSTEM32\USERENV.dll
0x00007ffbffe00000 - 0x00007ffbffe0c000 	C:\WINDOWS\SYSTEM32\CRYPTBASE.dll
0x00007ffbff9a0000 - 0x00007ffbff9dd000 	C:\WINDOWS\SYSTEM32\IPHLPAPI.DLL
0x00007ffc01ed0000 - 0x00007ffc01ed8000 	C:\WINDOWS\System32\NSI.dll
0x00007ffbf76f0000 - 0x00007ffbf7706000 	C:\WINDOWS\SYSTEM32\dhcpcsvc6.DLL
0x00007ffbf76d0000 - 0x00007ffbf76ec000 	C:\WINDOWS\SYSTEM32\dhcpcsvc.DLL
0x00007ffbff9e0000 - 0x00007ffbffaa6000 	C:\WINDOWS\SYSTEM32\DNSAPI.dll
0x000000006ad20000 - 0x000000006ad31000 	C:\Program Files\Java\jdk1.8.0_191\jre\bin\nio.dll
0x00007ffbeb750000 - 0x00007ffbeb75a000 	C:\Users\Administrator\AppData\Local\Temp\jansi-1.17.1-48721221106791207.dll
0x00007ffbea9d0000 - 0x00007ffbea9da000 	C:\Users\Administrator\AppData\Local\Temp\jansi-1.17.1-7899868790814575778.dll
0x000000006ad10000 - 0x000000006ad1d000 	C:\Program Files\Java\jdk1.8.0_191\jre\bin\management.dll

VM Arguments:
jvm_args: -Dmaven.multiModuleProjectDirectory=H:\IdeaWorkspace\zshop\zshop_parent\zshop_backend_web -Dmaven.home=G:\apache-maven-3.6.0 -Dclassworlds.conf=G:\apache-maven-3.6.0\bin\m2.conf -javaagent:D:\IntelliJ IDEA 2018.3.2\lib\idea_rt.jar=52370:D:\IntelliJ IDEA 2018.3.2\bin -Dfile.encoding=UTF-8 
java_command: org.codehaus.classworlds.Launcher -Didea.version=2018.3.2 -s G:\apache-maven-3.6.0\conf\settings.xml -Dmaven.repo.local=G:\apache-maven-3.6.0\MavenRepository clean tomcat7:run
java_class_path (initial): G:\apache-maven-3.6.0\boot\plexus-classworlds-2.5.2.jar;D:\IntelliJ IDEA 2018.3.2\lib\idea_rt.jar
Launcher Type: SUN_STANDARD

Environment Variables:
JAVA_HOME=C:\Program Files\Java\jdk1.7.0_80
CLASSPATH=.;C:\Program Files\Java\jdk1.7.0_80lib;C:\Program Files\Java\jdk1.7.0_80lib\tools.jar;
PATH=C:\Program Files (x86)\Common Files\Oracle\Java\javapath;C:\WINDOWS\system32;C:\WINDOWS;C:\WINDOWS\System32\Wbem;C:\WINDOWS\System32\WindowsPowerShell\v1.0\;C:\Program Files\Java\jdk1.7.0_80\bin;C:\Program Files\Java\jdk1.7.0_80\jre\bin;C:\MySQL\MySQL Server 5.5\bin;C:\WINDOWS\System32\OpenSSH\;G:\apache-maven-3.6.0\bin\;C:\Program Files\Git\cmd;C:\Program Files\dotnet\;C:\Program Files\Microsoft SQL Server\130\Tools\Binn\;C:\Users\Administrator\AppData\Local\Programs\Python\Python36-32\Scripts\;C:\Users\Administrator\AppData\Local\Programs\Python\Python36-32\;C:\Users\Administrator\AppData\Local\Microsoft\WindowsApps;;C:\Users\Administrator\AppData\Local\Programs\Microsoft VS Code\bin;C:\vscode\Microsoft VS Code Insiders\bin
USERNAME=Administrator
OS=Windows_NT
PROCESSOR_IDENTIFIER=Intel64 Family 6 Model 158 Stepping 9, GenuineIntel



---------------  S Y S T E M  ---------------

OS: Windows 10.0 , 64 bit Build 17763 (10.0.17763.292)

CPU:total 4 (initial active 4) (4 cores per cpu, 1 threads per core) family 6 model 158 stepping 9, cmov, cx8, fxsr, mmx, sse, sse2, sse3, ssse3, sse4.1, sse4.2, popcnt, avx, avx2, aes, clmul, erms, rtm, 3dnowpref, lzcnt, tsc, tscinvbit, bmi1, bmi2, adx

Memory: 4k page, physical 8264920k(1910380k free), swap 33430744k(5220k free)

vm_info: Java HotSpot(TM) 64-Bit Server VM (25.191-b12) for windows-amd64 JRE (1.8.0_191-b12), built on Oct  6 2018 09:29:03 by "java_re" with MS VC++ 10.0 (VS2010)

time: Tue May 07 19:41:30 2019
elapsed time: 4 seconds (0d 0h 0m 4s)

